c:\users\hiz1cob\developer\vs-project\scrcopy\scrcopy\x64\debug\vc143.pdb
c:\users\hiz1cob\developer\vs-project\scrcopy\scrcopy\x64\debug\vc143.idb
c:\users\hiz1cob\developer\vs-project\scrcopy\scrcopy\x64\debug\thread.obj
c:\users\hiz1cob\developer\vs-project\scrcopy\scrcopy\x64\debug\net.obj
c:\users\hiz1cob\developer\vs-project\scrcopy\scrcopy\x64\debug\memory.obj
c:\users\hiz1cob\developer\vs-project\scrcopy\scrcopy\x64\debug\packet_source.obj
c:\users\hiz1cob\developer\vs-project\scrcopy\scrcopy\x64\debug\frame_source.obj
c:\users\hiz1cob\developer\vs-project\scrcopy\scrcopy\x64\debug\screen.obj
c:\users\hiz1cob\developer\vs-project\scrcopy\scrcopy\x64\debug\packet_merger.obj
c:\users\hiz1cob\developer\vs-project\scrcopy\scrcopy\x64\debug\options.obj
c:\users\hiz1cob\developer\vs-project\scrcopy\scrcopy\x64\debug\opengl.obj
c:\users\hiz1cob\developer\vs-project\scrcopy\scrcopy\x64\debug\main.obj
c:\users\hiz1cob\developer\vs-project\scrcopy\scrcopy\x64\debug\frame_buffer.obj
c:\users\hiz1cob\developer\vs-project\scrcopy\scrcopy\x64\debug\display.obj
c:\users\hiz1cob\developer\vs-project\scrcopy\scrcopy\x64\debug\demuxer.obj
c:\users\hiz1cob\developer\vs-project\scrcopy\scrcopy\x64\debug\delay_buffer.obj
c:\users\hiz1cob\developer\vs-project\scrcopy\scrcopy\x64\debug\decoder.obj
c:\users\hiz1cob\developer\vs-project\scrcopy\scrcopy\x64\debug\compat.obj
c:\users\hiz1cob\developer\vs-project\scrcopy\scrcopy\x64\debug\clock.obj
c:\users\hiz1cob\developer\vs-project\scrcopy\scrcopy\x64\debug\fps_counter.obj
c:\users\hiz1cob\developer\vs-project\scrcopy\scrcopy\x64\debug\log.obj
c:\users\hiz1cob\developer\vs-project\scrcopy\scrcopy\x64\debug\ticks.obj
c:\users\hiz1cob\developer\vs-project\scrcopy\x64\debug\scrcopy.exe
c:\users\hiz1cob\developer\vs-project\scrcopy\x64\debug\scrcopy.pdb
c:\users\hiz1cob\developer\vs-project\scrcopy\x64\debug\avcodec-60.dll
c:\users\hiz1cob\developer\vs-project\scrcopy\x64\debug\swresample-4.dll
c:\users\hiz1cob\developer\vs-project\scrcopy\x64\debug\avutil-58.dll
c:\users\hiz1cob\developer\vs-project\scrcopy\scrcopy\x64\debug\scrcopy.ilk
c:\users\hiz1cob\developer\vs-project\scrcopy\scrcopy\x64\debug\scrcopy.tlog\cl.command.1.tlog
c:\users\hiz1cob\developer\vs-project\scrcopy\scrcopy\x64\debug\scrcopy.tlog\cl.items.tlog
c:\users\hiz1cob\developer\vs-project\scrcopy\scrcopy\x64\debug\scrcopy.tlog\cl.read.1.tlog
c:\users\hiz1cob\developer\vs-project\scrcopy\scrcopy\x64\debug\scrcopy.tlog\cl.write.1.tlog
c:\users\hiz1cob\developer\vs-project\scrcopy\scrcopy\x64\debug\scrcopy.tlog\link.command.1.tlog
c:\users\hiz1cob\developer\vs-project\scrcopy\scrcopy\x64\debug\scrcopy.tlog\link.read.1.tlog
c:\users\hiz1cob\developer\vs-project\scrcopy\scrcopy\x64\debug\scrcopy.tlog\link.secondary.1.tlog
c:\users\hiz1cob\developer\vs-project\scrcopy\scrcopy\x64\debug\scrcopy.tlog\link.write.1.tlog
c:\users\hiz1cob\developer\vs-project\scrcopy\scrcopy\x64\debug\scrcopy.tlog\scrcopy.write.1u.tlog
